Using pre-set license
Built from '2021.3/staging' branch; Version is '2021.3.8f1 (b30333d56e81) revision 11731763'; Using compiler version '192829333'; Build Type 'Release'
OS: 'Windows 10  (10.0.19044) 64bit Core' Language: 'ru' Physical Memory: 15706 MB
BatchMode: 1, IsHumanControllingUs: 0, StartBugReporterOnCrash: 0, Is64bit: 1, IsPro: 1

COMMAND LINE ARGUMENTS:
D:\UnityEditor\2021.3.8f1\Editor\Unity.exe
-adb2
-batchMode
-noUpm
-name
AssetImportWorker1
-projectPath
D:/Anonimus/TurretShooter
-logFile
Logs/AssetImportWorker1.log
-srvPort
60219
Successfully changed project path to: D:/Anonimus/TurretShooter
D:/Anonimus/TurretShooter
[UnityMemory] Configuration Parameters - Can be set up in boot.config
    "memorysetup-bucket-allocator-granularity=16"
    "memorysetup-bucket-allocator-bucket-count=8"
    "memorysetup-bucket-allocator-block-size=33554432"
    "memorysetup-bucket-allocator-block-count=8"
    "memorysetup-main-allocator-block-size=16777216"
    "memorysetup-thread-allocator-block-size=16777216"
    "memorysetup-gfx-main-allocator-block-size=16777216"
    "memorysetup-gfx-thread-allocator-block-size=16777216"
    "memorysetup-cache-allocator-block-size=4194304"
    "memorysetup-typetree-allocator-block-size=2097152"
    "memorysetup-profiler-bucket-allocator-granularity=16"
    "memorysetup-profiler-bucket-allocator-bucket-count=8"
    "memorysetup-profiler-bucket-allocator-block-size=33554432"
    "memorysetup-profiler-bucket-allocator-block-count=8"
    "memorysetup-profiler-allocator-block-size=16777216"
    "memorysetup-profiler-editor-allocator-block-size=1048576"
    "memorysetup-temp-allocator-size-main=16777216"
    "memorysetup-job-temp-allocator-block-size=2097152"
    "memorysetup-job-temp-allocator-block-size-background=1048576"
    "memorysetup-job-temp-allocator-reduction-small-platforms=262144"
    "memorysetup-temp-allocator-size-background-worker=32768"
    "memorysetup-temp-allocator-size-job-worker=262144"
    "memorysetup-temp-allocator-size-preload-manager=33554432"
    "memorysetup-temp-allocator-size-nav-mesh-worker=65536"
    "memorysetup-temp-allocator-size-audio-worker=65536"
    "memorysetup-temp-allocator-size-cloud-worker=32768"
    "memorysetup-temp-allocator-size-gi-baking-worker=262144"
    "memorysetup-temp-allocator-size-gfx=262144"
Refreshing native plugins compatible for Editor in 100.95 ms, found 4 plugins.
Preloading 0 native plugins for Editor in 0.00 ms.
Initialize engine version: 2021.3.8f1 (b30333d56e81)
[Subsystems] Discovering subsystems at path D:/UnityEditor/2021.3.8f1/Editor/Data/Resources/UnitySubsystems
[Subsystems] Discovering subsystems at path D:/Anonimus/TurretShooter/Assets
GfxDevice: creating device client; threaded=0; jobified=0
Direct3D:
    Version:  Direct3D 11.0 [level 11.1]
    Renderer: NVIDIA GeForce RTX 3050 Ti Laptop GPU (ID=0x25a0)
    Vendor:   NVIDIA
    VRAM:     3990 MB
    Driver:   31.0.15.1694
Initialize mono
Mono path[0] = 'D:/UnityEditor/2021.3.8f1/Editor/Data/Managed'
Mono path[1] = 'D:/UnityEditor/2021.3.8f1/Editor/Data/MonoBleedingEdge/lib/mono/unityjit-win32'
Mono config path = 'D:/UnityEditor/2021.3.8f1/Editor/Data/MonoBleedingEdge/etc'
Using monoOptions --debugger-agent=transport=dt_socket,embedding=1,server=y,suspend=n,address=127.0.0.1:56084
Begin MonoManager ReloadAssembly
Registering precompiled unity dll's ...
Register platform support module: D:/UnityEditor/2021.3.8f1/Editor/Data/PlaybackEngines/WebGLSupport/UnityEditor.WebGL.Extensions.dll
Register platform support module: D:/UnityEditor/2021.3.8f1/Editor/Data/PlaybackEngines/AndroidPlayer/UnityEditor.Android.Extensions.dll
Register platform support module: D:/UnityEditor/2021.3.8f1/Editor/Data/PlaybackEngines/iOSSupport/UnityEditor.iOS.Extensions.dll
Register platform support module: D:/UnityEditor/2021.3.8f1/Editor/Data/PlaybackEngines/WindowsStandaloneSupport/UnityEditor.WindowsStandalone.Extensions.dll
Register platform support module: D:/UnityEditor/2021.3.8f1/Editor/Data/PlaybackEngines/MetroSupport/UnityEditor.UWP.Extensions.dll
Registered in 0.003338 seconds.
Native extension for UWP target not found
Native extension for WindowsStandalone target not found
[usbmuxd] Start listen thread
[usbmuxd] Listen thread started
Native extension for iOS target not found
Native extension for Android target not found
Native extension for WebGL target not found
Refreshing native plugins compatible for Editor in 100.47 ms, found 4 plugins.
Preloading 0 native plugins for Editor in 0.00 ms.
Mono: successfully reloaded assembly
- Completed reload, in  0.646 seconds
Domain Reload Profiling:
	ReloadAssembly (646ms)
		BeginReloadAssembly (70ms)
			ExecutionOrderSort (0ms)
			DisableScriptedObjects (0ms)
			BackupInstance (0ms)
			ReleaseScriptingObjects (0ms)
			CreateAndSetChildDomain (1ms)
		EndReloadAssembly (477ms)
			LoadAssemblies (70ms)
			RebuildTransferFunctionScriptingTraits (0ms)
			SetupTypeCache (103ms)
			ReleaseScriptCaches (0ms)
			RebuildScriptCaches (29ms)
			SetupLoadedEditorAssemblies (298ms)
				LogAssemblyErrors (0ms)
				InitializePlatformSupportModulesInManaged (61ms)
				SetLoadedEditorAssemblies (0ms)
				RefreshPlugins (101ms)
				BeforeProcessingInitializeOnLoad (1ms)
				ProcessInitializeOnLoadAttributes (91ms)
				ProcessInitializeOnLoadMethodAttributes (44ms)
				AfterProcessingInitializeOnLoad (0ms)
				EditorAssembliesLoaded (0ms)
			ExecutionOrderSort2 (0ms)
			AwakeInstancesAfterBackupRestoration (0ms)
Platform modules already initialized, skipping
Registering precompiled user dll's ...
Registered in 0.004473 seconds.
Begin MonoManager ReloadAssembly
Symbol file LoadedFromMemory doesn't match image D:\Anonimus\TurretShooter\Library\PackageCache\com.unity.visualscripting@1.7.8\Editor\VisualScripting.Core\Dependencies\YamlDotNet\Unity.VisualScripting.YamlDotNet.dll
Symbol file LoadedFromMemory doesn't match image D:\Anonimus\TurretShooter\Library\PackageCache\com.unity.visualscripting@1.7.8\Editor\VisualScripting.Core\Dependencies\DotNetZip\Unity.VisualScripting.IonicZip.dll
Native extension for UWP target not found
Native extension for WindowsStandalone target not found
Native extension for iOS target not found
Native extension for Android target not found
Native extension for WebGL target not found
Refreshing native plugins compatible for Editor in 99.40 ms, found 4 plugins.
Preloading 0 native plugins for Editor in 0.00 ms.
Mono: successfully reloaded assembly
- Completed reload, in  1.213 seconds
Domain Reload Profiling:
	ReloadAssembly (1214ms)
		BeginReloadAssembly (214ms)
			ExecutionOrderSort (0ms)
			DisableScriptedObjects (5ms)
			BackupInstance (0ms)
			ReleaseScriptingObjects (0ms)
			CreateAndSetChildDomain (133ms)
		EndReloadAssembly (899ms)
			LoadAssemblies (74ms)
			RebuildTransferFunctionScriptingTraits (0ms)
			SetupTypeCache (234ms)
			ReleaseScriptCaches (1ms)
			RebuildScriptCaches (55ms)
			SetupLoadedEditorAssemblies (492ms)
				LogAssemblyErrors (0ms)
				InitializePlatformSupportModulesInManaged (20ms)
				SetLoadedEditorAssemblies (0ms)
				RefreshPlugins (99ms)
				BeforeProcessingInitializeOnLoad (95ms)
				ProcessInitializeOnLoadAttributes (231ms)
				ProcessInitializeOnLoadMethodAttributes (44ms)
				AfterProcessingInitializeOnLoad (2ms)
				EditorAssembliesLoaded (0ms)
			ExecutionOrderSort2 (0ms)
			AwakeInstancesAfterBackupRestoration (5ms)
Platform modules already initialized, skipping
========================================================================
Worker process is ready to serve import requests
Launched and connected shader compiler UnityShaderCompiler.exe after 0.04 seconds
Refreshing native plugins compatible for Editor in 1.67 ms, found 4 plugins.
Preloading 0 native plugins for Editor in 0.00 ms.
Unloading 4085 Unused Serialized files (Serialized files now loaded: 0)
Unloading 44 unused Assets / (222.4 KB). Loaded Objects now: 4542.
Memory consumption went from 152.4 MB to 152.2 MB.
Total: 6.347700 ms (FindLiveObjects: 0.689100 ms CreateObjectMapping: 0.450500 ms MarkObjects: 4.934700 ms  DeleteObjects: 0.272200 ms)

AssetImportParameters requested are different than current active one (requested -> active):
  custom:video-decoder-ogg-theora: a1e56fd34408186e4bbccfd4996cb3dc -> 
  custom:container-muxer-webm: aa71ff27fc2769a1b78a27578f13a17b -> 
  custom:container-demuxer-webm: 4f35f7cbe854078d1ac9338744f61a02 -> 
  custom:video-encoder-webm-vp8: eb34c28f22e8b96e1ab97ce403110664 -> 
  custom:audio-encoder-webm-vorbis: bf7c407c2cedff20999df2af8eb42d56 -> 
  custom:framework-win-MediaFoundation: 216162199b28c13a410421893ffa2e32 -> 
  custom:container-demuxer-ogg: 62fdf1f143b41e24485cea50d1cbac27 -> 
  custom:video-decoder-webm-vp8: 9c59270c3fd7afecdb556c50c9e8de78 -> 
  custom:audio-decoder-ogg-vorbis: bf7c407c2cedff20999df2af8eb42d56 -> 
========================================================================
Received Import Request.
  Time since last request: 234437.271498 seconds.
  path: Assets/Hit & Slashes Vol.1/Sprites/hit-1.png
  artifactKey: Guid(cdb742bdd7cb94542a17c47164949920) Importer(815301076,1909f56bfc062723c751e8b465ee728b)
Start importing Assets/Hit & Slashes Vol.1/Sprites/hit-1.png using Guid(cdb742bdd7cb94542a17c47164949920) Importer(815301076,1909f56bfc062723c751e8b465ee728b)  -> (artifact id: 'f17c65dae3cf797c493ce203191441ac') in 0.331867 seconds 
========================================================================
Received Import Request.
  Time since last request: 0.000034 seconds.
  path: Assets/Hit & Slashes Vol.1/Sprites/particle-1.png
  artifactKey: Guid(582925aeefc6fc440aeb5ee093b73e5b) Importer(815301076,1909f56bfc062723c751e8b465ee728b)
Start importing Assets/Hit & Slashes Vol.1/Sprites/particle-1.png using Guid(582925aeefc6fc440aeb5ee093b73e5b) Importer(815301076,1909f56bfc062723c751e8b465ee728b)  -> (artifact id: 'f13763bad6756361f814c8eceeabdf3e') in 0.111591 seconds 
========================================================================
Received Import Request.
  Time since last request: 0.000039 seconds.
  path: Assets/Hit & Slashes Vol.1/Demo Scene/instructions.png
  artifactKey: Guid(7e897b61b32fab9429db9d8374d93b2a) Importer(815301076,1909f56bfc062723c751e8b465ee728b)
Start importing Assets/Hit & Slashes Vol.1/Demo Scene/instructions.png using Guid(7e897b61b32fab9429db9d8374d93b2a) Importer(815301076,1909f56bfc062723c751e8b465ee728b)  -> (artifact id: '737f3357c70e08d4aa85f8f23715016c') in 0.043997 seconds 
========================================================================
Received Import Request.
  Time since last request: 0.000043 seconds.
  path: Assets/Hit & Slashes Vol.1/Sprites/slash-2B-mirror.png
  artifactKey: Guid(536e7553b7f2e6446aa6defa4a414f02) Importer(815301076,1909f56bfc062723c751e8b465ee728b)
Start importing Assets/Hit & Slashes Vol.1/Sprites/slash-2B-mirror.png using Guid(536e7553b7f2e6446aa6defa4a414f02) Importer(815301076,1909f56bfc062723c751e8b465ee728b)  -> (artifact id: '477205b96d6d62c560ac2f789fa437b7') in 0.117250 seconds 
========================================================================
Received Import Request.
  Time since last request: 0.000034 seconds.
  path: Assets/Hit & Slashes Vol.1/Sprites/slash-2.png
  artifactKey: Guid(3371b8aaf441a5b499c936226aafc765) Importer(815301076,1909f56bfc062723c751e8b465ee728b)
Start importing Assets/Hit & Slashes Vol.1/Sprites/slash-2.png using Guid(3371b8aaf441a5b499c936226aafc765) Importer(815301076,1909f56bfc062723c751e8b465ee728b)  -> (artifact id: '924df1cd3dd99f51ad4cba6795ac9155') in 0.117433 seconds 
========================================================================
Received Import Request.
  Time since last request: 0.000060 seconds.
  path: Assets/Hit & Slashes Vol.1/Sprites/particle-3.png
  artifactKey: Guid(ba52ac2b769f72a4d9f964eb73ea24a6) Importer(815301076,1909f56bfc062723c751e8b465ee728b)
Start importing Assets/Hit & Slashes Vol.1/Sprites/particle-3.png using Guid(ba52ac2b769f72a4d9f964eb73ea24a6) Importer(815301076,1909f56bfc062723c751e8b465ee728b)  -> (artifact id: 'af2400e59e9f57e0b6ad838350680938') in 0.071739 seconds 
========================================================================
Received Import Request.
  Time since last request: 0.000032 seconds.
  path: Assets/Hit & Slashes Vol.1/Sprites/slash-3.png
  artifactKey: Guid(528a4d7426ae3e444a5c679a623ab224) Importer(815301076,1909f56bfc062723c751e8b465ee728b)
Start importing Assets/Hit & Slashes Vol.1/Sprites/slash-3.png using Guid(528a4d7426ae3e444a5c679a623ab224) Importer(815301076,1909f56bfc062723c751e8b465ee728b)  -> (artifact id: 'fe9a7ba411cc1d01081f554024b80447') in 0.045297 seconds 
========================================================================
Received Import Request.
  Time since last request: 0.000037 seconds.
  path: Assets/Hit & Slashes Vol.1/Demo Scene/mask2.png
  artifactKey: Guid(2756a2204136aca49a0bcde83a3cf653) Importer(815301076,1909f56bfc062723c751e8b465ee728b)
Start importing Assets/Hit & Slashes Vol.1/Demo Scene/mask2.png using Guid(2756a2204136aca49a0bcde83a3cf653) Importer(815301076,1909f56bfc062723c751e8b465ee728b)  -> (artifact id: 'b7f4a8b0ac80b3ffa278a1c9747fc091') in 0.052312 seconds 
========================================================================
Received Import Request.
  Time since last request: 0.000023 seconds.
  path: Assets/Hit & Slashes Vol.1/Sprites/slash-3B.png
  artifactKey: Guid(6227acf6d22e0de47bdf1bc27503cd0b) Importer(815301076,1909f56bfc062723c751e8b465ee728b)
Start importing Assets/Hit & Slashes Vol.1/Sprites/slash-3B.png using Guid(6227acf6d22e0de47bdf1bc27503cd0b) Importer(815301076,1909f56bfc062723c751e8b465ee728b)  -> (artifact id: '343c27bab911490565a518411322332b') in 0.036107 seconds 
========================================================================
Received Import Request.
  Time since last request: 0.000028 seconds.
  path: Assets/Hit & Slashes Vol.1/Sprites/hit-5.png
  artifactKey: Guid(8cae7f91c49c5a745a5f8f5183ab6d72) Importer(815301076,1909f56bfc062723c751e8b465ee728b)
Start importing Assets/Hit & Slashes Vol.1/Sprites/hit-5.png using Guid(8cae7f91c49c5a745a5f8f5183ab6d72) Importer(815301076,1909f56bfc062723c751e8b465ee728b)  -> (artifact id: '81fdafef994da2a95eed42d2e2393a46') in 0.130911 seconds 
========================================================================
Received Import Request.
  Time since last request: 0.000044 seconds.
  path: Assets/Hit & Slashes Vol.1/Sprites/hit-2.png
  artifactKey: Guid(9eddd28dc35ba4f4395fe766cc4de37e) Importer(815301076,1909f56bfc062723c751e8b465ee728b)
Start importing Assets/Hit & Slashes Vol.1/Sprites/hit-2.png using Guid(9eddd28dc35ba4f4395fe766cc4de37e) Importer(815301076,1909f56bfc062723c751e8b465ee728b)  -> (artifact id: '1b159c4beae59bc29343ab7cf9ed4e8f') in 0.125103 seconds 
Editor requested this worker to shutdown with reason: Scaling down because of idle timeout
AssetImportWorker is now disconnected from the server
Process exiting
Exiting without the bug reporter. Application will terminate with return code 0